<?xml version="1.0" encoding="UTF-8"?>
<!-- Generated by org.testng.reporters.JUnitReportReporter -->
<testsuite hostname="DESKTOP-LT35DQU" failures="0" tests="1" name="testclasses.logintest" time="4.065" errors="0" timestamp="2025-08-14T08:28:19 GMT-07:00" skipped="0">
  <testcase classname="testclasses.logintest" name="logintest" time="4.065"/>
</testsuite> <!-- testclasses.logintest -->
