<?xml version="1.0" encoding="UTF-8"?>
<!-- Generated by org.testng.reporters.JUnitReportReporter -->
<testsuite hostname="DESKTOP-LT35DQU" failures="0" tests="1" name="testclasses.TC002_Loginverification" time="5.759" errors="0" timestamp="2025-08-15T01:25:00 GMT-07:00" skipped="0">
  <testcase classname="testclasses.TC002_Loginverification" name="loginTest" time="5.759"/>
</testsuite> <!-- testclasses.TC002_Loginverification -->
