<?xml version="1.0" encoding="UTF-8"?>
<!-- Generated by org.testng.reporters.JUnitReportReporter -->
<testsuite hostname="DESKTOP-LT35DQU" failures="0" tests="1" name="testclasses.TC004_purchaseverification" time="9.014" errors="0" timestamp="2025-08-11T09:59:31 GMT-07:00" skipped="0">
  <testcase classname="testclasses.TC004_purchaseverification" name="purchasetest" time="9.014"/>
</testsuite> <!-- testclasses.TC004_purchaseverification -->
