<?xml version="1.0" encoding="UTF-8"?>
<!-- Generated by org.testng.reporters.JUnitReportReporter -->
<testsuite hostname="DESKTOP-LT35DQU" failures="0" tests="1" name="testclasses.TC004_cartaddverification" time="18.614" errors="0" timestamp="2025-08-13T10:07:37 GMT-07:00" skipped="0">
  <testcase classname="testclasses.TC004_cartaddverification" name="purchasetest" time="18.614"/>
</testsuite> <!-- testclasses.TC004_cartaddverification -->
