<?xml version="1.0" encoding="UTF-8"?>
<!-- Generated by org.testng.reporters.JUnitReportReporter -->
<testsuite hostname="DESKTOP-LT35DQU" failures="0" tests="2" name="testclasses.TC001_Registrationverification" time="9.325" errors="0" timestamp="2025-08-14T09:46:04 GMT-07:00" skipped="0">
  <testcase classname="testclasses.TC001_Registrationverification" name="testrun" time="2.319"/>
  <testcase classname="testclasses.TC001_Registrationverification" name="testrun" time="7.006"/>
</testsuite> <!-- testclasses.TC001_Registrationverification -->
